# Mission Log File
# This file will contain timestamped mission events[19:48:36] Charging station deployed at (1, 1)
[19:48:36] Drone drone_0 deployed at (1, 0)
[19:48:36] Drone drone_1 deployed at (1, 0)
[19:48:36] Survivor signal detected at (6, 3)
[19:48:36] Survivor signal detected at (2, 4)
[19:48:36] Survivor signal detected at (5, 9)
[19:48:36] Drone drone_0 rescued survivor at (6, 3)
[19:49:23] Charging station deployed at (1, 1)
[19:49:23] Charging station deployed at (13, 13)
[19:49:23] Drone drone_0 deployed at (1, 0)
[19:49:23] Drone drone_1 deployed at (1, 1)
[19:49:23] Drone drone_2 deployed at (1, 1)
[19:49:23] Survivor signal detected at (3, 4)
[19:49:23] Survivor signal detected at (9, 3)
[19:49:23] Survivor signal detected at (0, 1)
[19:49:23] Survivor signal detected at (5, 13)
[19:49:23] Survivor signal detected at (1, 14)
[19:49:23] Survivor signal detected at (0, 12)
[19:51:10] Charging station deployed at (1, 1)
[19:51:10] Charging station deployed at (18, 18)
[19:51:10] Drone drone_0 deployed at (0, 1)
[19:51:10] Drone drone_1 deployed at (2, 2)
[19:51:10] Drone drone_2 deployed at (0, 1)
[19:51:10] Survivor signal detected at (14, 18)
[19:51:10] Survivor signal detected at (12, 13)
[19:51:10] Survivor signal detected at (6, 6)
[19:51:10] Survivor signal detected at (1, 12)
[19:51:10] Survivor signal detected at (16, 14)
[19:55:02] Charging station deployed at (1, 1)
[19:55:02] Charging station deployed at (18, 18)
[19:55:02] Drone drone_0 deployed at (2, 0)
[19:55:02] Drone drone_1 deployed at (2, 2)
[19:55:02] Drone drone_2 deployed at (0, 2)
[19:55:02] Survivor signal detected at (12, 0)
[19:55:02] Survivor signal detected at (8, 4)
[19:55:02] Survivor signal detected at (8, 4)
[19:55:02] Survivor signal detected at (1, 18)
[19:55:02] Survivor signal detected at (6, 7)
[19:55:41] Charging station deployed at (1, 1)
[19:55:41] Drone drone_0 deployed at (1, 0)
[19:55:41] Drone drone_1 deployed at (0, 2)
[19:55:41] Survivor signal detected at (1, 2)
[19:55:42] Survivor signal detected at (4, 9)
[19:55:42] Survivor signal detected at (7, 9)
[19:55:42] Drone drone_1 rescued survivor at (1, 2)
[19:55:42] Charging station deployed at (1, 1)
[19:55:42] Drone drone_0 deployed at (2, 1)
[19:55:42] Survivor signal detected at (3, 2)
[19:55:43] Charging station deployed at (1, 1)
[19:55:43] Charging station deployed at (8, 8)
[19:55:43] Drone drone_0 deployed at (0, 0)
[19:55:43] Drone drone_1 deployed at (0, 1)
[19:55:43] Drone drone_2 deployed at (1, 0)
[19:55:43] Survivor signal detected at (3, 2)
[19:55:43] Survivor signal detected at (4, 1)
[19:55:43] Survivor signal detected at (1, 0)
[19:55:43] Survivor signal detected at (9, 0)
[19:55:43] Survivor signal detected at (9, 1)
[19:55:43] Drone drone_0 rescued survivor at (3, 2)
[19:55:43] Drone drone_1 rescued survivor at (4, 1)
[19:55:43] Charging station deployed at (1, 1)
[19:55:43] Drone drone_0 deployed at (2, 2)
[19:55:43] Drone drone_1 deployed at (2, 0)
[19:55:43] Survivor signal detected at (5, 6)
[19:55:43] Survivor signal detected at (7, 6)
[20:12:26] 充电站station_0部署在平地地形(6, 9)
[20:12:26] 无人机drone_0部署在城市,雾天(5, 8)
[20:12:26] 无人机drone_1部署在城市,雾天(5, 8)
[20:12:26] 幸存者信号survivor_0检测到在山脉(2, 2)
[20:12:26] 幸存者信号survivor_1检测到在平地(9, 6)
[20:12:26] 幸存者信号survivor_2检测到在丘陵(3, 7)
[20:12:26] 地形分析: 山脉(43.0%), 悬崖(6.0%), 森林(16.0%), 丘陵(13.0%), 沙漠(3.0%), 城市(2.0%), 平地(12.0%), 沼泽(2.0%), 水域(2.0%), 山谷(1.0%), 障碍物14个, 平均海拔697m
[20:12:26] 无人机drone_0救援失败，环境条件不佳
[20:12:26] 无人机drone_1救援失败，环境条件不佳
[20:12:26] 充电站station_0部署在平地地形(9, 9)
[20:12:26] 无人机drone_0部署在森林(8, 8)
[20:12:26] 幸存者信号survivor_0检测到在丘陵,车辆附近(14, 5)
[20:12:26] 地形分析: 森林(17.8%), 平地(23.6%), 丘陵(13.8%), 山脉(11.6%), 沙漠(1.8%), 悬崖(0.4%), 水域(7.1%), 山谷(11.1%), 沼泽(7.6%), 城市(5.3%), 障碍物30个, 平均海拔1034m
[20:12:26] 充电站station_0部署在平地地形(4, 5)
[20:12:26] 充电站station_1部署在平地地形(5, 2)
[20:12:26] 无人机drone_0部署在沼泽(3, 4)
[20:12:26] 幸存者信号survivor_0检测到在森林(5, 16)
[20:12:26] 幸存者信号survivor_1检测到在丘陵(12, 1)
[20:12:26] 幸存者信号survivor_2检测到在丘陵(8, 17)
[20:12:26] 幸存者信号survivor_3检测到在山脉(18, 8)
[20:12:26] 幸存者信号survivor_4检测到在山脉(10, 14)
[20:12:26] 地形分析: 沼泽(2.0%), 水域(0.5%), 森林(21.8%), 平地(7.0%), 城市(2.2%), 丘陵(25.5%), 山脉(32.8%), 悬崖(3.5%), 山谷(0.8%), 沙漠(4.0%), 障碍物55个, 平均海拔1275m
[20:12:26] 充电站station_0部署在平地地形(6, 5)
[20:12:26] 无人机drone_0部署在平地,雨天(5, 4)
[20:12:26] 幸存者信号survivor_0检测到在山谷(6, 9)
[20:12:26] 地形分析: 山脉(41.0%), 森林(9.0%), 沙漠(3.0%), 丘陵(15.0%), 悬崖(2.0%), 平地(11.0%), 城市(5.0%), 山谷(7.0%), 沼泽(5.0%), 水域(2.0%), 障碍物14个, 平均海拔1588m
[21:35:42] 充电站station_0部署在城市地形(1, 18)
[21:35:42] 充电站station_1部署在城市地形(11, 17)
[21:35:42] 无人机drone_0部署在平地,暴风雨(0, 17)
[21:35:42] 无人机drone_1部署在平地,暴风雨(0, 17)
[21:35:42] 无人机drone_2部署在平地,暴风雨(0, 17)
[21:35:42] 幸存者信号survivor_0检测到在城市(2, 12)
[21:35:42] 幸存者信号survivor_1检测到在森林,大树附近(14, 17)
[21:35:42] 幸存者信号survivor_2检测到在丘陵(19, 19)
[21:35:42] 幸存者信号survivor_3检测到在山脉(4, 3)
[21:35:42] 幸存者信号survivor_4检测到在山脉(11, 10)
[21:35:42] 地形分析: 山脉(44.0%), 悬崖(3.0%), 丘陵(19.5%), 森林(16.2%), 沙漠(1.8%), 平地(9.2%), 城市(3.5%), 沼泽(1.5%), 水域(0.8%), 山谷(0.5%), 障碍物55个, 平均海拔1237m
